---------------------------------------------------------------
[ 2020-05-10T17:51:40+08:00 ] 127.0.0.1 GET www.lsgxcx.com/api/v1/banner/getBanner/id/1
[运行时间：0.439616s] [吞吐率：2.27req/s] [内存消耗：4,699.21kb] [文件加载：133]
[ info ] [ BEHAVIOR ] Run Closure @app_init [ RunTime:0.006712s ]
[ info ] [ CACHE ] INIT File
[ info ] [ BEHAVIOR ] Run Closure @app_init [ RunTime:0.010095s ]
[ info ] [ LANG ] D:\software\phpstudy_pro\WWW\wwwlsgxcxcom\thinkphp\lang\zh-cn.php
[ info ] [ ROUTE ] array (
  'type' => 'module',
  'module' => 
  array (
    0 => 'api',
    1 => 'v1.banner',
    2 => 'getBanner',
  ),
)
[ info ] [ HEADER ] array (
  'accept-encoding' => 'gzip, deflate',
  'referer' => 'https://servicewechat.com/wxc4cce3677eaa734e/devtools/page-frame.html',
  'accept' => '*/*',
  'content-type' => 'application/json;charset=UTF-8',
  'user-agent' => 'Mozilla/5.0 (iPhone; CPU iPhone OS 11_0 like Mac OS X) AppleWebKit/604.1.38 (KHTML, like Gecko) Version/11.0 Mobile/15A372 Safari/604.1 wechatdevtools/1.02.2004020 MicroMessenger/7.0.4 Language/zh_CN webview/',
  'cache-control' => 'no-cache',
  'pragma' => 'no-cache',
  'connection' => 'keep-alive',
  'host' => 'www.lsgxcx.com',
  'content-length' => '',
)
[ info ] [ PARAM ] array (
  'id' => '1',
)
[ info ] [ LANG ] D:\software\phpstudy_pro\WWW\wwwlsgxcxcom\public/../application/api\lang\zh-cn.php
[ info ] [ BEHAVIOR ] Run app\common\behavior\Common @module_init [ RunTime:0.010432s ]
[ info ] [ RUN ] app\api\controller\v1\Banner->getBanner[ D:\software\phpstudy_pro\WWW\wwwlsgxcxcom\application\api\controller\v1\Banner.php ]
[ info ] [ DB ] INIT mysql
[ info ] [ LOG ] INIT File
---------------------------------------------------------------
[ 2020-05-10T17:53:33+08:00 ] 127.0.0.1 GET www.lsgxcx.com/api/v1/banner/getBanner/id/1
[运行时间：0.253706s] [吞吐率：3.94req/s] [内存消耗：4,667.98kb] [文件加载：131]
[ info ] [ BEHAVIOR ] Run Closure @app_init [ RunTime:0.000336s ]
[ info ] [ CACHE ] INIT File
[ info ] [ BEHAVIOR ] Run Closure @app_init [ RunTime:0.004061s ]
[ info ] [ ROUTE ] array (
  'type' => 'module',
  'module' => 
  array (
    0 => 'api',
    1 => 'v1.banner',
    2 => 'getBanner',
  ),
)
[ info ] [ HEADER ] array (
  'accept-language' => 'en-US,en;q=0.9',
  'accept-encoding' => 'gzip, deflate',
  'referer' => 'http://localhost:8081/',
  'accept' => '*/*',
  'content-type' => 'application/json;charset=UTF-8',
  'user-agent' => 'Mozilla/5.0 (iPhone; CPU iPhone OS 11_0 like Mac OS X) AppleWebKit/604.1.38 (KHTML, like Gecko) Version/11.0 Mobile/15A372 Safari/604.1 HBuilderX',
  'x-devtools-emulate-network-conditions-client-id' => '(4FCF63E43F3B73DAFFE25E5EDC87F140)',
  'connection' => 'keep-alive',
  'host' => 'www.lsgxcx.com',
  'content-length' => '',
)
[ info ] [ PARAM ] array (
  'id' => '1',
)
[ info ] [ BEHAVIOR ] Run app\common\behavior\Common @module_init [ RunTime:0.016526s ]
[ info ] [ RUN ] app\api\controller\v1\Banner->getBanner[ D:\software\phpstudy_pro\WWW\wwwlsgxcxcom\application\api\controller\v1\Banner.php ]
[ info ] [ DB ] INIT mysql
[ info ] [ LOG ] INIT File
---------------------------------------------------------------
[ 2020-05-10T17:53:47+08:00 ] 127.0.0.1 OPTIONS www.lsgxcx.com/api/v1/banner/getBanner/id/1
[运行时间：0.221633s] [吞吐率：4.51req/s] [内存消耗：4,699.20kb] [文件加载：133]
[ info ] [ BEHAVIOR ] Run Closure @app_init [ RunTime:0.000272s ]
[ info ] [ CACHE ] INIT File
[ info ] [ BEHAVIOR ] Run Closure @app_init [ RunTime:0.010625s ]
[ info ] [ LANG ] D:\software\phpstudy_pro\WWW\wwwlsgxcxcom\thinkphp\lang\zh-cn.php
[ info ] [ ROUTE ] array (
  'type' => 'module',
  'module' => 
  array (
    0 => 'api',
    1 => 'v1.banner',
    2 => 'getBanner',
  ),
)
[ info ] [ HEADER ] array (
  'accept-language' => 'zh-CN,zh;q=0.9,en;q=0.8',
  'accept-encoding' => 'gzip, deflate',
  'accept' => '*/*',
  'access-control-request-headers' => 'content-type',
  'user-agent' => 'Mozilla/5.0 (Windows NT 10.0; WOW64) AppleWebKit/537.36 (KHTML, like Gecko) Chrome/70.0.3538.67 Safari/537.36',
  'origin' => 'http://localhost:8081',
  'access-control-request-method' => 'GET',
  'connection' => 'keep-alive',
  'host' => 'www.lsgxcx.com',
  'content-length' => '',
  'content-type' => '',
)
[ info ] [ PARAM ] array (
  'id' => '1',
)
[ info ] [ LANG ] D:\software\phpstudy_pro\WWW\wwwlsgxcxcom\public/../application/api\lang\zh-cn.php
[ info ] [ BEHAVIOR ] Run app\common\behavior\Common @module_init [ RunTime:0.004926s ]
[ info ] [ RUN ] app\api\controller\v1\Banner->getBanner[ D:\software\phpstudy_pro\WWW\wwwlsgxcxcom\application\api\controller\v1\Banner.php ]
[ info ] [ DB ] INIT mysql
[ info ] [ LOG ] INIT File
---------------------------------------------------------------
[ 2020-05-10T17:53:52+08:00 ] 127.0.0.1 OPTIONS www.lsgxcx.com/api/v1/banner/getBanner/id/1
[运行时间：0.333824s] [吞吐率：3.00req/s] [内存消耗：4,699.20kb] [文件加载：133]
[ info ] [ BEHAVIOR ] Run Closure @app_init [ RunTime:0.000308s ]
[ info ] [ CACHE ] INIT File
[ info ] [ BEHAVIOR ] Run Closure @app_init [ RunTime:0.005357s ]
[ info ] [ LANG ] D:\software\phpstudy_pro\WWW\wwwlsgxcxcom\thinkphp\lang\zh-cn.php
[ info ] [ ROUTE ] array (
  'type' => 'module',
  'module' => 
  array (
    0 => 'api',
    1 => 'v1.banner',
    2 => 'getBanner',
  ),
)
[ info ] [ HEADER ] array (
  'accept-language' => 'zh-CN,zh;q=0.9,en;q=0.8',
  'accept-encoding' => 'gzip, deflate',
  'accept' => '*/*',
  'access-control-request-headers' => 'content-type',
  'user-agent' => 'Mozilla/5.0 (iPhone; CPU iPhone OS 11_0 like Mac OS X) AppleWebKit/604.1.38 (KHTML, like Gecko) Version/11.0 Mobile/15A372 Safari/604.1',
  'origin' => 'http://localhost:8081',
  'access-control-request-method' => 'GET',
  'connection' => 'keep-alive',
  'host' => 'www.lsgxcx.com',
  'content-length' => '',
  'content-type' => '',
)
[ info ] [ PARAM ] array (
  'id' => '1',
)
[ info ] [ LANG ] D:\software\phpstudy_pro\WWW\wwwlsgxcxcom\public/../application/api\lang\zh-cn.php
[ info ] [ BEHAVIOR ] Run app\common\behavior\Common @module_init [ RunTime:0.010280s ]
[ info ] [ RUN ] app\api\controller\v1\Banner->getBanner[ D:\software\phpstudy_pro\WWW\wwwlsgxcxcom\application\api\controller\v1\Banner.php ]
[ info ] [ DB ] INIT mysql
[ info ] [ LOG ] INIT File
---------------------------------------------------------------
[ 2020-05-10T17:53:56+08:00 ] 127.0.0.1 OPTIONS www.lsgxcx.com/api/v1/banner/getBanner/id/1
[运行时间：0.259289s] [吞吐率：3.86req/s] [内存消耗：4,699.20kb] [文件加载：133]
[ info ] [ BEHAVIOR ] Run Closure @app_init [ RunTime:0.000406s ]
[ info ] [ CACHE ] INIT File
[ info ] [ BEHAVIOR ] Run Closure @app_init [ RunTime:0.010530s ]
[ info ] [ LANG ] D:\software\phpstudy_pro\WWW\wwwlsgxcxcom\thinkphp\lang\zh-cn.php
[ info ] [ ROUTE ] array (
  'type' => 'module',
  'module' => 
  array (
    0 => 'api',
    1 => 'v1.banner',
    2 => 'getBanner',
  ),
)
[ info ] [ HEADER ] array (
  'accept-language' => 'zh-CN,zh;q=0.9,en;q=0.8',
  'accept-encoding' => 'gzip, deflate',
  'accept' => '*/*',
  'access-control-request-headers' => 'content-type',
  'user-agent' => 'Mozilla/5.0 (iPhone; CPU iPhone OS 11_0 like Mac OS X) AppleWebKit/604.1.38 (KHTML, like Gecko) Version/11.0 Mobile/15A372 Safari/604.1',
  'origin' => 'http://localhost:8081',
  'access-control-request-method' => 'GET',
  'connection' => 'keep-alive',
  'host' => 'www.lsgxcx.com',
  'content-length' => '',
  'content-type' => '',
)
[ info ] [ PARAM ] array (
  'id' => '1',
)
[ info ] [ LANG ] D:\software\phpstudy_pro\WWW\wwwlsgxcxcom\public/../application/api\lang\zh-cn.php
[ info ] [ BEHAVIOR ] Run app\common\behavior\Common @module_init [ RunTime:0.005965s ]
[ info ] [ RUN ] app\api\controller\v1\Banner->getBanner[ D:\software\phpstudy_pro\WWW\wwwlsgxcxcom\application\api\controller\v1\Banner.php ]
[ info ] [ DB ] INIT mysql
[ info ] [ LOG ] INIT File
---------------------------------------------------------------
[ 2020-05-10T17:54:00+08:00 ] 127.0.0.1 OPTIONS www.lsgxcx.com/api/v1/banner/getBanner/id/1
[运行时间：0.336382s] [吞吐率：2.97req/s] [内存消耗：4,699.20kb] [文件加载：133]
[ info ] [ BEHAVIOR ] Run Closure @app_init [ RunTime:0.000981s ]
[ info ] [ CACHE ] INIT File
[ info ] [ BEHAVIOR ] Run Closure @app_init [ RunTime:0.011390s ]
[ info ] [ LANG ] D:\software\phpstudy_pro\WWW\wwwlsgxcxcom\thinkphp\lang\zh-cn.php
[ info ] [ ROUTE ] array (
  'type' => 'module',
  'module' => 
  array (
    0 => 'api',
    1 => 'v1.banner',
    2 => 'getBanner',
  ),
)
[ info ] [ HEADER ] array (
  'accept-language' => 'zh-CN,zh;q=0.9,en;q=0.8',
  'accept-encoding' => 'gzip, deflate',
  'accept' => '*/*',
  'access-control-request-headers' => 'content-type',
  'user-agent' => 'Mozilla/5.0 (iPhone; CPU iPhone OS 11_0 like Mac OS X) AppleWebKit/604.1.38 (KHTML, like Gecko) Version/11.0 Mobile/15A372 Safari/604.1',
  'origin' => 'http://localhost:8081',
  'access-control-request-method' => 'GET',
  'connection' => 'keep-alive',
  'host' => 'www.lsgxcx.com',
  'content-length' => '',
  'content-type' => '',
)
[ info ] [ PARAM ] array (
  'id' => '1',
)
[ info ] [ LANG ] D:\software\phpstudy_pro\WWW\wwwlsgxcxcom\public/../application/api\lang\zh-cn.php
[ info ] [ BEHAVIOR ] Run app\common\behavior\Common @module_init [ RunTime:0.012625s ]
[ info ] [ RUN ] app\api\controller\v1\Banner->getBanner[ D:\software\phpstudy_pro\WWW\wwwlsgxcxcom\application\api\controller\v1\Banner.php ]
[ info ] [ DB ] INIT mysql
[ info ] [ LOG ] INIT File
---------------------------------------------------------------
[ 2020-05-10T17:54:04+08:00 ] 127.0.0.1 OPTIONS www.lsgxcx.com/api/v1/banner/getBanner/id/1
[运行时间：0.246958s] [吞吐率：4.05req/s] [内存消耗：4,699.20kb] [文件加载：133]
[ info ] [ BEHAVIOR ] Run Closure @app_init [ RunTime:0.000269s ]
[ info ] [ CACHE ] INIT File
[ info ] [ BEHAVIOR ] Run Closure @app_init [ RunTime:0.005455s ]
[ info ] [ LANG ] D:\software\phpstudy_pro\WWW\wwwlsgxcxcom\thinkphp\lang\zh-cn.php
[ info ] [ ROUTE ] array (
  'type' => 'module',
  'module' => 
  array (
    0 => 'api',
    1 => 'v1.banner',
    2 => 'getBanner',
  ),
)
[ info ] [ HEADER ] array (
  'accept-language' => 'zh-CN,zh;q=0.9,en;q=0.8',
  'accept-encoding' => 'gzip, deflate',
  'accept' => '*/*',
  'access-control-request-headers' => 'content-type',
  'user-agent' => 'Mozilla/5.0 (iPhone; CPU iPhone OS 11_0 like Mac OS X) AppleWebKit/604.1.38 (KHTML, like Gecko) Version/11.0 Mobile/15A372 Safari/604.1',
  'origin' => 'http://localhost:8081',
  'access-control-request-method' => 'GET',
  'connection' => 'keep-alive',
  'host' => 'www.lsgxcx.com',
  'content-length' => '',
  'content-type' => '',
)
[ info ] [ PARAM ] array (
  'id' => '1',
)
[ info ] [ LANG ] D:\software\phpstudy_pro\WWW\wwwlsgxcxcom\public/../application/api\lang\zh-cn.php
[ info ] [ BEHAVIOR ] Run app\common\behavior\Common @module_init [ RunTime:0.006532s ]
[ info ] [ RUN ] app\api\controller\v1\Banner->getBanner[ D:\software\phpstudy_pro\WWW\wwwlsgxcxcom\application\api\controller\v1\Banner.php ]
[ info ] [ DB ] INIT mysql
[ info ] [ LOG ] INIT File
---------------------------------------------------------------
[ 2020-05-10T17:54:15+08:00 ] 127.0.0.1 GET www.lsgxcx.com/api/v1/banner/getBanner/id/1
[运行时间：0.284792s] [吞吐率：3.51req/s] [内存消耗：4,699.11kb] [文件加载：133]
[ info ] [ BEHAVIOR ] Run Closure @app_init [ RunTime:0.000313s ]
[ info ] [ CACHE ] INIT File
[ info ] [ BEHAVIOR ] Run Closure @app_init [ RunTime:0.008378s ]
[ info ] [ LANG ] D:\software\phpstudy_pro\WWW\wwwlsgxcxcom\thinkphp\lang\zh-cn.php
[ info ] [ ROUTE ] array (
  'type' => 'module',
  'module' => 
  array (
    0 => 'api',
    1 => 'v1.banner',
    2 => 'getBanner',
  ),
)
[ info ] [ HEADER ] array (
  'accept-language' => 'zh-CN,zh;q=0.9,en;q=0.8',
  'accept-encoding' => 'gzip, deflate',
  'accept' => 'text/html,application/xhtml+xml,application/xml;q=0.9,image/webp,image/apng,*/*;q=0.8',
  'user-agent' => 'Mozilla/5.0 (Windows NT 10.0; WOW64) AppleWebKit/537.36 (KHTML, like Gecko) Chrome/70.0.3538.67 Safari/537.36',
  'upgrade-insecure-requests' => '1',
  'connection' => 'keep-alive',
  'host' => 'www.lsgxcx.com',
  'content-length' => '',
  'content-type' => '',
)
[ info ] [ PARAM ] array (
  'id' => '1',
)
[ info ] [ LANG ] D:\software\phpstudy_pro\WWW\wwwlsgxcxcom\public/../application/api\lang\zh-cn.php
[ info ] [ BEHAVIOR ] Run app\common\behavior\Common @module_init [ RunTime:0.005341s ]
[ info ] [ RUN ] app\api\controller\v1\Banner->getBanner[ D:\software\phpstudy_pro\WWW\wwwlsgxcxcom\application\api\controller\v1\Banner.php ]
[ info ] [ DB ] INIT mysql
[ info ] [ LOG ] INIT File
---------------------------------------------------------------
[ 2020-05-10T17:54:16+08:00 ] 127.0.0.1 GET www.lsgxcx.com/favicon.ico
[运行时间：0.141510s] [吞吐率：7.07req/s] [内存消耗：2,500.19kb] [文件加载：106]
[ info ] [ BEHAVIOR ] Run Closure @app_init [ RunTime:0.000270s ]
[ info ] [ CACHE ] INIT File
[ info ] [ BEHAVIOR ] Run Closure @app_init [ RunTime:0.004319s ]
[ info ] [ LANG ] D:\software\phpstudy_pro\WWW\wwwlsgxcxcom\thinkphp\lang\zh-cn.php
[ info ] [ ROUTE ] array (
  'type' => 'module',
  'module' => 
  array (
    0 => 'favicon.ico',
    1 => NULL,
    2 => NULL,
  ),
)
[ info ] [ HEADER ] array (
  'accept-language' => 'zh-CN,zh;q=0.9,en;q=0.8',
  'accept-encoding' => 'gzip, deflate',
  'referer' => 'http://www.lsgxcx.com/api/v1/banner/getBanner/id/1',
  'accept' => 'image/webp,image/apng,image/*,*/*;q=0.8',
  'user-agent' => 'Mozilla/5.0 (Windows NT 10.0; WOW64) AppleWebKit/537.36 (KHTML, like Gecko) Chrome/70.0.3538.67 Safari/537.36',
  'connection' => 'keep-alive',
  'host' => 'www.lsgxcx.com',
  'content-length' => '',
  'content-type' => '',
)
[ info ] [ PARAM ] array (
)
[ info ] [ LOG ] INIT File
---------------------------------------------------------------
[ 2020-05-10T17:54:27+08:00 ] 127.0.0.1 OPTIONS www.lsgxcx.com/api/v1/banner/getBanner/id/1
[运行时间：0.271051s] [吞吐率：3.69req/s] [内存消耗：4,699.20kb] [文件加载：133]
[ info ] [ BEHAVIOR ] Run Closure @app_init [ RunTime:0.001016s ]
[ info ] [ CACHE ] INIT File
[ info ] [ BEHAVIOR ] Run Closure @app_init [ RunTime:0.011305s ]
[ info ] [ LANG ] D:\software\phpstudy_pro\WWW\wwwlsgxcxcom\thinkphp\lang\zh-cn.php
[ info ] [ ROUTE ] array (
  'type' => 'module',
  'module' => 
  array (
    0 => 'api',
    1 => 'v1.banner',
    2 => 'getBanner',
  ),
)
[ info ] [ HEADER ] array (
  'accept-language' => 'zh-CN,zh;q=0.9,en;q=0.8',
  'accept-encoding' => 'gzip, deflate',
  'accept' => '*/*',
  'access-control-request-headers' => 'content-type',
  'user-agent' => 'Mozilla/5.0 (iPhone; CPU iPhone OS 11_0 like Mac OS X) AppleWebKit/604.1.38 (KHTML, like Gecko) Version/11.0 Mobile/15A372 Safari/604.1',
  'origin' => 'http://localhost:8081',
  'access-control-request-method' => 'GET',
  'connection' => 'keep-alive',
  'host' => 'www.lsgxcx.com',
  'content-length' => '',
  'content-type' => '',
)
[ info ] [ PARAM ] array (
  'id' => '1',
)
[ info ] [ LANG ] D:\software\phpstudy_pro\WWW\wwwlsgxcxcom\public/../application/api\lang\zh-cn.php
[ info ] [ BEHAVIOR ] Run app\common\behavior\Common @module_init [ RunTime:0.008738s ]
[ info ] [ RUN ] app\api\controller\v1\Banner->getBanner[ D:\software\phpstudy_pro\WWW\wwwlsgxcxcom\application\api\controller\v1\Banner.php ]
[ info ] [ DB ] INIT mysql
[ info ] [ LOG ] INIT File
---------------------------------------------------------------
[ 2020-05-10T17:54:54+08:00 ] 127.0.0.1 GET www.lsgxcx.com/api/v1/banner/getBanner/id/1
[运行时间：0.208808s] [吞吐率：4.79req/s] [内存消耗：4,699.23kb] [文件加载：133]
[ info ] [ BEHAVIOR ] Run Closure @app_init [ RunTime:0.000301s ]
[ info ] [ CACHE ] INIT File
[ info ] [ BEHAVIOR ] Run Closure @app_init [ RunTime:0.004599s ]
[ info ] [ LANG ] D:\software\phpstudy_pro\WWW\wwwlsgxcxcom\thinkphp\lang\zh-cn.php
[ info ] [ ROUTE ] array (
  'type' => 'module',
  'module' => 
  array (
    0 => 'api',
    1 => 'v1.banner',
    2 => 'getBanner',
  ),
)
[ info ] [ HEADER ] array (
  'accept-encoding' => 'gzip, deflate',
  'referer' => 'https://servicewechat.com/wxc4cce3677eaa734e/devtools/page-frame.html',
  'accept' => '*/*',
  'content-type' => 'application/json;charset=UTF-8',
  'user-agent' => 'Mozilla/5.0 (iPhone; CPU iPhone OS 11_0 like Mac OS X) AppleWebKit/604.1.38 (KHTML, like Gecko) Version/11.0 Mobile/15A372 Safari/604.1 wechatdevtools/1.02.2004020 MicroMessenger/7.0.4 Language/zh_CN webview/',
  'cache-control' => 'no-cache',
  'pragma' => 'no-cache',
  'connection' => 'keep-alive',
  'host' => 'www.lsgxcx.com',
  'content-length' => '',
)
[ info ] [ PARAM ] array (
  'id' => '1',
)
[ info ] [ LANG ] D:\software\phpstudy_pro\WWW\wwwlsgxcxcom\public/../application/api\lang\zh-cn.php
[ info ] [ BEHAVIOR ] Run app\common\behavior\Common @module_init [ RunTime:0.004612s ]
[ info ] [ RUN ] app\api\controller\v1\Banner->getBanner[ D:\software\phpstudy_pro\WWW\wwwlsgxcxcom\application\api\controller\v1\Banner.php ]
[ info ] [ DB ] INIT mysql
[ info ] [ LOG ] INIT File
---------------------------------------------------------------
[ 2020-05-10T17:54:56+08:00 ] 127.0.0.1 OPTIONS www.lsgxcx.com/api/v1/banner/getBanner/id/1
[运行时间：0.279909s] [吞吐率：3.57req/s] [内存消耗：4,699.20kb] [文件加载：133]
[ info ] [ BEHAVIOR ] Run Closure @app_init [ RunTime:0.001188s ]
[ info ] [ CACHE ] INIT File
[ info ] [ BEHAVIOR ] Run Closure @app_init [ RunTime:0.014214s ]
[ info ] [ LANG ] D:\software\phpstudy_pro\WWW\wwwlsgxcxcom\thinkphp\lang\zh-cn.php
[ info ] [ ROUTE ] array (
  'type' => 'module',
  'module' => 
  array (
    0 => 'api',
    1 => 'v1.banner',
    2 => 'getBanner',
  ),
)
[ info ] [ HEADER ] array (
  'accept-language' => 'zh-CN,zh;q=0.9,en;q=0.8',
  'accept-encoding' => 'gzip, deflate',
  'accept' => '*/*',
  'access-control-request-headers' => 'content-type',
  'user-agent' => 'Mozilla/5.0 (iPhone; CPU iPhone OS 11_0 like Mac OS X) AppleWebKit/604.1.38 (KHTML, like Gecko) Version/11.0 Mobile/15A372 Safari/604.1',
  'origin' => 'http://localhost:8081',
  'access-control-request-method' => 'GET',
  'connection' => 'keep-alive',
  'host' => 'www.lsgxcx.com',
  'content-length' => '',
  'content-type' => '',
)
[ info ] [ PARAM ] array (
  'id' => '1',
)
[ info ] [ LANG ] D:\software\phpstudy_pro\WWW\wwwlsgxcxcom\public/../application/api\lang\zh-cn.php
[ info ] [ BEHAVIOR ] Run app\common\behavior\Common @module_init [ RunTime:0.012217s ]
[ info ] [ RUN ] app\api\controller\v1\Banner->getBanner[ D:\software\phpstudy_pro\WWW\wwwlsgxcxcom\application\api\controller\v1\Banner.php ]
[ info ] [ DB ] INIT mysql
[ info ] [ LOG ] INIT File
---------------------------------------------------------------
[ 2020-05-10T17:55:01+08:00 ] 127.0.0.1 OPTIONS www.lsgxcx.com/api/v1/banner/getBanner/id/1
[运行时间：0.248583s] [吞吐率：4.02req/s] [内存消耗：4,699.20kb] [文件加载：133]
[ info ] [ BEHAVIOR ] Run Closure @app_init [ RunTime:0.000329s ]
[ info ] [ CACHE ] INIT File
[ info ] [ BEHAVIOR ] Run Closure @app_init [ RunTime:0.012085s ]
[ info ] [ LANG ] D:\software\phpstudy_pro\WWW\wwwlsgxcxcom\thinkphp\lang\zh-cn.php
[ info ] [ ROUTE ] array (
  'type' => 'module',
  'module' => 
  array (
    0 => 'api',
    1 => 'v1.banner',
    2 => 'getBanner',
  ),
)
[ info ] [ HEADER ] array (
  'accept-language' => 'zh-CN,zh;q=0.9,en;q=0.8',
  'accept-encoding' => 'gzip, deflate',
  'accept' => '*/*',
  'access-control-request-headers' => 'content-type',
  'user-agent' => 'Mozilla/5.0 (iPhone; CPU iPhone OS 11_0 like Mac OS X) AppleWebKit/604.1.38 (KHTML, like Gecko) Version/11.0 Mobile/15A372 Safari/604.1',
  'origin' => 'http://localhost:8081',
  'access-control-request-method' => 'GET',
  'connection' => 'keep-alive',
  'host' => 'www.lsgxcx.com',
  'content-length' => '',
  'content-type' => '',
)
[ info ] [ PARAM ] array (
  'id' => '1',
)
[ info ] [ LANG ] D:\software\phpstudy_pro\WWW\wwwlsgxcxcom\public/../application/api\lang\zh-cn.php
[ info ] [ BEHAVIOR ] Run app\common\behavior\Common @module_init [ RunTime:0.004617s ]
[ info ] [ RUN ] app\api\controller\v1\Banner->getBanner[ D:\software\phpstudy_pro\WWW\wwwlsgxcxcom\application\api\controller\v1\Banner.php ]
[ info ] [ DB ] INIT mysql
[ info ] [ LOG ] INIT File
---------------------------------------------------------------
[ 2020-05-10T17:55:06+08:00 ] 127.0.0.1 OPTIONS www.lsgxcx.com/api/v1/banner/getBanner/id/1
[运行时间：0.319096s] [吞吐率：3.13req/s] [内存消耗：4,699.20kb] [文件加载：133]
[ info ] [ BEHAVIOR ] Run Closure @app_init [ RunTime:0.000306s ]
[ info ] [ CACHE ] INIT File
[ info ] [ BEHAVIOR ] Run Closure @app_init [ RunTime:0.010178s ]
[ info ] [ LANG ] D:\software\phpstudy_pro\WWW\wwwlsgxcxcom\thinkphp\lang\zh-cn.php
[ info ] [ ROUTE ] array (
  'type' => 'module',
  'module' => 
  array (
    0 => 'api',
    1 => 'v1.banner',
    2 => 'getBanner',
  ),
)
[ info ] [ HEADER ] array (
  'accept-language' => 'zh-CN,zh;q=0.9,en;q=0.8',
  'accept-encoding' => 'gzip, deflate',
  'accept' => '*/*',
  'access-control-request-headers' => 'content-type',
  'user-agent' => 'Mozilla/5.0 (iPhone; CPU iPhone OS 11_0 like Mac OS X) AppleWebKit/604.1.38 (KHTML, like Gecko) Version/11.0 Mobile/15A372 Safari/604.1',
  'origin' => 'http://localhost:8081',
  'access-control-request-method' => 'GET',
  'connection' => 'keep-alive',
  'host' => 'www.lsgxcx.com',
  'content-length' => '',
  'content-type' => '',
)
[ info ] [ PARAM ] array (
  'id' => '1',
)
[ info ] [ LANG ] D:\software\phpstudy_pro\WWW\wwwlsgxcxcom\public/../application/api\lang\zh-cn.php
[ info ] [ BEHAVIOR ] Run app\common\behavior\Common @module_init [ RunTime:0.007824s ]
[ info ] [ RUN ] app\api\controller\v1\Banner->getBanner[ D:\software\phpstudy_pro\WWW\wwwlsgxcxcom\application\api\controller\v1\Banner.php ]
[ info ] [ DB ] INIT mysql
[ info ] [ LOG ] INIT File
---------------------------------------------------------------
[ 2020-05-10T17:55:10+08:00 ] 127.0.0.1 GET www.lsgxcx.com/api/v1/banner/getBanner/id/1
[运行时间：0.238083s] [吞吐率：4.20req/s] [内存消耗：4,699.11kb] [文件加载：133]
[ info ] [ BEHAVIOR ] Run Closure @app_init [ RunTime:0.000275s ]
[ info ] [ CACHE ] INIT File
[ info ] [ BEHAVIOR ] Run Closure @app_init [ RunTime:0.003974s ]
[ info ] [ LANG ] D:\software\phpstudy_pro\WWW\wwwlsgxcxcom\thinkphp\lang\zh-cn.php
[ info ] [ ROUTE ] array (
  'type' => 'module',
  'module' => 
  array (
    0 => 'api',
    1 => 'v1.banner',
    2 => 'getBanner',
  ),
)
[ info ] [ HEADER ] array (
  'accept-language' => 'zh-CN,zh;q=0.9,en;q=0.8',
  'accept-encoding' => 'gzip, deflate',
  'accept' => 'text/html,application/xhtml+xml,application/xml;q=0.9,image/webp,image/apng,*/*;q=0.8',
  'user-agent' => 'Mozilla/5.0 (Windows NT 10.0; WOW64) AppleWebKit/537.36 (KHTML, like Gecko) Chrome/70.0.3538.67 Safari/537.36',
  'upgrade-insecure-requests' => '1',
  'connection' => 'keep-alive',
  'host' => 'www.lsgxcx.com',
  'content-length' => '',
  'content-type' => '',
)
[ info ] [ PARAM ] array (
  'id' => '1',
)
[ info ] [ LANG ] D:\software\phpstudy_pro\WWW\wwwlsgxcxcom\public/../application/api\lang\zh-cn.php
[ info ] [ BEHAVIOR ] Run app\common\behavior\Common @module_init [ RunTime:0.005675s ]
[ info ] [ RUN ] app\api\controller\v1\Banner->getBanner[ D:\software\phpstudy_pro\WWW\wwwlsgxcxcom\application\api\controller\v1\Banner.php ]
[ info ] [ DB ] INIT mysql
[ info ] [ LOG ] INIT File
---------------------------------------------------------------
[ 2020-05-10T17:55:16+08:00 ] 127.0.0.1 OPTIONS www.lsgxcx.com/api/v1/banner/getBanner/id/1
[运行时间：0.272335s] [吞吐率：3.67req/s] [内存消耗：4,699.20kb] [文件加载：133]
[ info ] [ BEHAVIOR ] Run Closure @app_init [ RunTime:0.000487s ]
[ info ] [ CACHE ] INIT File
[ info ] [ BEHAVIOR ] Run Closure @app_init [ RunTime:0.014689s ]
[ info ] [ LANG ] D:\software\phpstudy_pro\WWW\wwwlsgxcxcom\thinkphp\lang\zh-cn.php
[ info ] [ ROUTE ] array (
  'type' => 'module',
  'module' => 
  array (
    0 => 'api',
    1 => 'v1.banner',
    2 => 'getBanner',
  ),
)
[ info ] [ HEADER ] array (
  'accept-language' => 'zh-CN,zh;q=0.9,en;q=0.8',
  'accept-encoding' => 'gzip, deflate',
  'accept' => '*/*',
  'access-control-request-headers' => 'content-type',
  'user-agent' => 'Mozilla/5.0 (Windows NT 10.0; WOW64) AppleWebKit/537.36 (KHTML, like Gecko) Chrome/70.0.3538.67 Safari/537.36',
  'origin' => 'http://localhost:8081',
  'access-control-request-method' => 'GET',
  'connection' => 'keep-alive',
  'host' => 'www.lsgxcx.com',
  'content-length' => '',
  'content-type' => '',
)
[ info ] [ PARAM ] array (
  'id' => '1',
)
[ info ] [ LANG ] D:\software\phpstudy_pro\WWW\wwwlsgxcxcom\public/../application/api\lang\zh-cn.php
[ info ] [ BEHAVIOR ] Run app\common\behavior\Common @module_init [ RunTime:0.004148s ]
[ info ] [ RUN ] app\api\controller\v1\Banner->getBanner[ D:\software\phpstudy_pro\WWW\wwwlsgxcxcom\application\api\controller\v1\Banner.php ]
[ info ] [ DB ] INIT mysql
[ info ] [ LOG ] INIT File
---------------------------------------------------------------
[ 2020-05-10T17:57:23+08:00 ] 127.0.0.1 OPTIONS www.lsgxcx.com/api/v1/banner/getBanner/id/1
[运行时间：0.290136s] [吞吐率：3.45req/s] [内存消耗：4,699.20kb] [文件加载：133]
[ info ] [ BEHAVIOR ] Run Closure @app_init [ RunTime:0.000284s ]
[ info ] [ CACHE ] INIT File
[ info ] [ BEHAVIOR ] Run Closure @app_init [ RunTime:0.007171s ]
[ info ] [ LANG ] D:\software\phpstudy_pro\WWW\wwwlsgxcxcom\thinkphp\lang\zh-cn.php
[ info ] [ ROUTE ] array (
  'type' => 'module',
  'module' => 
  array (
    0 => 'api',
    1 => 'v1.banner',
    2 => 'getBanner',
  ),
)
[ info ] [ HEADER ] array (
  'accept-language' => 'zh-CN,zh;q=0.9,en;q=0.8',
  'accept-encoding' => 'gzip, deflate',
  'accept' => '*/*',
  'access-control-request-headers' => 'content-type',
  'user-agent' => 'Mozilla/5.0 (iPhone; CPU iPhone OS 11_0 like Mac OS X) AppleWebKit/604.1.38 (KHTML, like Gecko) Version/11.0 Mobile/15A372 Safari/604.1',
  'origin' => 'http://localhost:8081',
  'access-control-request-method' => 'GET',
  'connection' => 'keep-alive',
  'host' => 'www.lsgxcx.com',
  'content-length' => '',
  'content-type' => '',
)
[ info ] [ PARAM ] array (
  'id' => '1',
)
[ info ] [ LANG ] D:\software\phpstudy_pro\WWW\wwwlsgxcxcom\public/../application/api\lang\zh-cn.php
[ info ] [ BEHAVIOR ] Run app\common\behavior\Common @module_init [ RunTime:0.010825s ]
[ info ] [ RUN ] app\api\controller\v1\Banner->getBanner[ D:\software\phpstudy_pro\WWW\wwwlsgxcxcom\application\api\controller\v1\Banner.php ]
[ info ] [ DB ] INIT mysql
[ info ] [ LOG ] INIT File
---------------------------------------------------------------
[ 2020-05-10T17:57:23+08:00 ] 127.0.0.1 OPTIONS www.lsgxcx.com/api/v1/banner/getBanner/id/1
[运行时间：0.255460s] [吞吐率：3.91req/s] [内存消耗：4,699.20kb] [文件加载：133]
[ info ] [ BEHAVIOR ] Run Closure @app_init [ RunTime:0.000272s ]
[ info ] [ CACHE ] INIT File
[ info ] [ BEHAVIOR ] Run Closure @app_init [ RunTime:0.008459s ]
[ info ] [ LANG ] D:\software\phpstudy_pro\WWW\wwwlsgxcxcom\thinkphp\lang\zh-cn.php
[ info ] [ ROUTE ] array (
  'type' => 'module',
  'module' => 
  array (
    0 => 'api',
    1 => 'v1.banner',
    2 => 'getBanner',
  ),
)
[ info ] [ HEADER ] array (
  'accept-language' => 'zh-CN,zh;q=0.9,en;q=0.8',
  'accept-encoding' => 'gzip, deflate',
  'accept' => '*/*',
  'access-control-request-headers' => 'content-type',
  'user-agent' => 'Mozilla/5.0 (Windows NT 10.0; WOW64) AppleWebKit/537.36 (KHTML, like Gecko) Chrome/70.0.3538.67 Safari/537.36',
  'origin' => 'http://localhost:8081',
  'access-control-request-method' => 'GET',
  'connection' => 'keep-alive',
  'host' => 'www.lsgxcx.com',
  'content-length' => '',
  'content-type' => '',
)
[ info ] [ PARAM ] array (
  'id' => '1',
)
[ info ] [ LANG ] D:\software\phpstudy_pro\WWW\wwwlsgxcxcom\public/../application/api\lang\zh-cn.php
[ info ] [ BEHAVIOR ] Run app\common\behavior\Common @module_init [ RunTime:0.007539s ]
[ info ] [ RUN ] app\api\controller\v1\Banner->getBanner[ D:\software\phpstudy_pro\WWW\wwwlsgxcxcom\application\api\controller\v1\Banner.php ]
[ info ] [ DB ] INIT mysql
[ info ] [ LOG ] INIT File
